app/build/intermediates/manifest_merge_blame_file/release/processReleaseMainManifest/manifest-merger-blame-release-report.txt
1<?xml version="1.0" encoding="utf-8"?>
2<manifest xmlns:android="http://schemas.android.com/apk/res/android"
3    package="com.eclipseapp.pulse"
4    android:versionCode="1"
5    android:versionName="1.0" >
6
7    <uses-sdk
8        android:minSdkVersion="23"
9        android:targetSdkVersion="36" />
10
11    <uses-permission android:name="android.permission.INTERNET" />
11-->src/main/AndroidManifest.xml:2:5-67
11-->src/main/AndroidManifest.xml:2:22-64
12    <uses-permission android:name="android.permission.RECORD_AUDIO" />
12-->src/main/AndroidManifest.xml:3:5-71
12-->src/main/AndroidManifest.xml:3:22-68
13    <uses-permission android:name="android.permission.WRITE_EXTERNAL_STORAGE" />
13-->src/main/AndroidManifest.xml:4:5-81
13-->src/main/AndroidManifest.xml:4:22-78
14    <uses-permission android:name="android.permission.FOREGROUND_SERVICE" />
14-->src/main/AndroidManifest.xml:5:5-77
14-->src/main/AndroidManifest.xml:5:22-74
15    <uses-permission android:name="android.permission.FOREGROUND_SERVICE_MEDIA_PLAYBACK" />
15-->src/main/AndroidManifest.xml:6:5-92
15-->src/main/AndroidManifest.xml:6:22-89
16    <uses-permission android:name="android.permission.POST_NOTIFICATIONS" />
16-->src/main/AndroidManifest.xml:7:5-77
16-->src/main/AndroidManifest.xml:7:22-74
17
18    <permission
18-->[androidx.core:core:1.13.0] AndroidManifest.xml:22:5-24:47
19        android:name="com.eclipseapp.pulse.DYNAMIC_RECEIVER_NOT_EXPORTED_PERMISSION"
19-->[androidx.core:core:1.13.0] AndroidManifest.xml:23:9-81
20        android:protectionLevel="signature" />
20-->[androidx.core:core:1.13.0] AndroidManifest.xml:24:9-44
21
22    <uses-permission android:name="com.eclipseapp.pulse.DYNAMIC_RECEIVER_NOT_EXPORTED_PERMISSION" />
22-->[androidx.core:core:1.13.0] AndroidManifest.xml:26:5-97
22-->[androidx.core:core:1.13.0] AndroidManifest.xml:26:22-94
23
24    <application
24-->src/main/AndroidManifest.xml:9:5-62:19
25        android:allowBackup="true"
25-->src/main/AndroidManifest.xml:10:9-35
26        android:appComponentFactory="androidx.core.app.CoreComponentFactory"
26-->[androidx.core:core:1.13.0] AndroidManifest.xml:28:18-86
27        android:extractNativeLibs="false"
28        android:icon="@drawable/ic_launcher"
28-->src/main/AndroidManifest.xml:11:9-45
29        android:label="@string/app_name"
29-->src/main/AndroidManifest.xml:12:9-41
30        android:roundIcon="@drawable/ic_launcher"
30-->src/main/AndroidManifest.xml:13:9-50
31        android:supportsRtl="true"
31-->src/main/AndroidManifest.xml:14:9-35
32        android:theme="@style/Theme.Eclipse" >
32-->src/main/AndroidManifest.xml:15:9-45
33        <activity
33-->src/main/AndroidManifest.xml:16:9-18:40
34            android:name="com.eclipseapp.pulse.ListActivity"
34-->src/main/AndroidManifest.xml:17:13-41
35            android:exported="false" />
35-->src/main/AndroidManifest.xml:18:13-37
36        <activity
36-->src/main/AndroidManifest.xml:19:9-21:40
37            android:name="com.eclipseapp.pulse.DiscordLoginActivity"
37-->src/main/AndroidManifest.xml:20:13-49
38            android:exported="false" />
38-->src/main/AndroidManifest.xml:21:13-37
39        <activity
39-->src/main/AndroidManifest.xml:22:9-24:40
40            android:name="com.eclipseapp.pulse.NativePlayerActivity"
40-->src/main/AndroidManifest.xml:23:13-49
41            android:exported="false" />
41-->src/main/AndroidManifest.xml:24:13-37
42        <activity
42-->src/main/AndroidManifest.xml:25:9-28:40
43            android:name="com.eclipseapp.pulse.YouTubeSourceActivity"
43-->src/main/AndroidManifest.xml:26:13-50
44            android:configChanges="keyboardHidden|orientation|screenSize"
44-->src/main/AndroidManifest.xml:27:13-74
45            android:exported="false" />
45-->src/main/AndroidManifest.xml:28:13-37
46        <activity
46-->src/main/AndroidManifest.xml:29:9-36:20
47            android:name="com.eclipseapp.pulse.MainActivity"
47-->src/main/AndroidManifest.xml:30:13-41
48            android:exported="true" >
48-->src/main/AndroidManifest.xml:31:13-36
49            <intent-filter>
49-->src/main/AndroidManifest.xml:32:13-35:29
50                <action android:name="android.intent.action.MAIN" />
50-->src/main/AndroidManifest.xml:33:17-69
50-->src/main/AndroidManifest.xml:33:25-66
51
52                <category android:name="android.intent.category.LAUNCHER" />
52-->src/main/AndroidManifest.xml:34:17-77
52-->src/main/AndroidManifest.xml:34:27-74
53            </intent-filter>
54        </activity>
55
56        <!-- Playback Service (also serves as MediaBrowserService for Android Auto) -->
57        <service
57-->src/main/AndroidManifest.xml:39:9-46:19
58            android:name="com.eclipseapp.pulse.PlaybackService"
58-->src/main/AndroidManifest.xml:40:13-44
59            android:exported="true"
59-->src/main/AndroidManifest.xml:41:13-36
60            android:foregroundServiceType="mediaPlayback" >
60-->src/main/AndroidManifest.xml:42:13-58
61            <intent-filter>
61-->src/main/AndroidManifest.xml:43:13-45:29
62                <action android:name="android.media.browse.MediaBrowserService" />
62-->src/main/AndroidManifest.xml:44:17-83
62-->src/main/AndroidManifest.xml:44:25-80
63            </intent-filter>
64        </service>
65
66        <!-- Home Screen Widget -->
67        <receiver
67-->src/main/AndroidManifest.xml:49:9-61:20
68            android:name="com.eclipseapp.pulse.MusicWidget"
68-->src/main/AndroidManifest.xml:50:13-40
69            android:exported="true" >
69-->src/main/AndroidManifest.xml:51:13-36
70            <intent-filter>
70-->src/main/AndroidManifest.xml:52:13-57:29
71                <action android:name="android.appwidget.action.APPWIDGET_UPDATE" />
71-->src/main/AndroidManifest.xml:53:17-84
71-->src/main/AndroidManifest.xml:53:25-81
72                <action android:name="com.eclipseapp.pulse.WIDGET_PREV" />
72-->src/main/AndroidManifest.xml:54:17-75
72-->src/main/AndroidManifest.xml:54:25-72
73                <action android:name="com.eclipseapp.pulse.WIDGET_PLAY_PAUSE" />
73-->src/main/AndroidManifest.xml:55:17-81
73-->src/main/AndroidManifest.xml:55:25-78
74                <action android:name="com.eclipseapp.pulse.WIDGET_NEXT" />
74-->src/main/AndroidManifest.xml:56:17-75
74-->src/main/AndroidManifest.xml:56:25-72
75            </intent-filter>
76
77            <meta-data
77-->src/main/AndroidManifest.xml:58:13-60:55
78                android:name="android.appwidget.provider"
78-->src/main/AndroidManifest.xml:59:17-58
79                android:resource="@xml/widget_info" />
79-->src/main/AndroidManifest.xml:60:17-52
80        </receiver>
81
82        <provider
82-->[androidx.emoji2:emoji2:1.2.0] AndroidManifest.xml:24:9-32:20
83            android:name="androidx.startup.InitializationProvider"
83-->[androidx.emoji2:emoji2:1.2.0] AndroidManifest.xml:25:13-67
84            android:authorities="com.eclipseapp.pulse.androidx-startup"
84-->[androidx.emoji2:emoji2:1.2.0] AndroidManifest.xml:26:13-68
85            android:exported="false" >
85-->[androidx.emoji2:emoji2:1.2.0] AndroidManifest.xml:27:13-37
86            <meta-data
86-->[androidx.emoji2:emoji2:1.2.0] AndroidManifest.xml:29:13-31:52
87                android:name="androidx.emoji2.text.EmojiCompatInitializer"
87-->[androidx.emoji2:emoji2:1.2.0] AndroidManifest.xml:30:17-75
88                android:value="androidx.startup" />
88-->[androidx.emoji2:emoji2:1.2.0] AndroidManifest.xml:31:17-49
89            <meta-data
89-->[androidx.lifecycle:lifecycle-process:2.6.2] AndroidManifest.xml:29:13-31:52
90                android:name="androidx.lifecycle.ProcessLifecycleInitializer"
90-->[androidx.lifecycle:lifecycle-process:2.6.2] AndroidManifest.xml:30:17-78
91                android:value="androidx.startup" />
91-->[androidx.lifecycle:lifecycle-process:2.6.2] AndroidManifest.xml:31:17-49
92            <meta-data
92-->[androidx.profileinstaller:profileinstaller:1.3.0] AndroidManifest.xml:29:13-31:52
93                android:name="androidx.profileinstaller.ProfileInstallerInitializer"
93-->[androidx.profileinstaller:profileinstaller:1.3.0] AndroidManifest.xml:30:17-85
94                android:value="androidx.startup" />
94-->[androidx.profileinstaller:profileinstaller:1.3.0] AndroidManifest.xml:31:17-49
95        </provider>
96
97        <receiver
97-->[androidx.profileinstaller:profileinstaller:1.3.0] AndroidManifest.xml:34:9-52:20
98            android:name="androidx.profileinstaller.ProfileInstallReceiver"
98-->[androidx.profileinstaller:profileinstaller:1.3.0] AndroidManifest.xml:35:13-76
99            android:directBootAware="false"
99-->[androidx.profileinstaller:profileinstaller:1.3.0] AndroidManifest.xml:36:13-44
100            android:enabled="true"
100-->[androidx.profileinstaller:profileinstaller:1.3.0] AndroidManifest.xml:37:13-35
101            android:exported="true"
101-->[androidx.profileinstaller:profileinstaller:1.3.0] AndroidManifest.xml:38:13-36
102            android:permission="android.permission.DUMP" >
102-->[androidx.profileinstaller:profileinstaller:1.3.0] AndroidManifest.xml:39:13-57
103            <intent-filter>
103-->[androidx.profileinstaller:profileinstaller:1.3.0] AndroidManifest.xml:40:13-42:29
104                <action android:name="androidx.profileinstaller.action.INSTALL_PROFILE" />
104-->[androidx.profileinstaller:profileinstaller:1.3.0] AndroidManifest.xml:41:17-91
104-->[androidx.profileinstaller:profileinstaller:1.3.0] AndroidManifest.xml:41:25-88
105            </intent-filter>
106            <intent-filter>
106-->[androidx.profileinstaller:profileinstaller:1.3.0] AndroidManifest.xml:43:13-45:29
107                <action android:name="androidx.profileinstaller.action.SKIP_FILE" />
107-->[androidx.profileinstaller:profileinstaller:1.3.0] AndroidManifest.xml:44:17-85
107-->[androidx.profileinstaller:profileinstaller:1.3.0] AndroidManifest.xml:44:25-82
108            </intent-filter>
109            <intent-filter>
109-->[androidx.profileinstaller:profileinstaller:1.3.0] AndroidManifest.xml:46:13-48:29
110                <action android:name="androidx.profileinstaller.action.SAVE_PROFILE" />
110-->[androidx.profileinstaller:profileinstaller:1.3.0] AndroidManifest.xml:47:17-88
110-->[androidx.profileinstaller:profileinstaller:1.3.0] AndroidManifest.xml:47:25-85
111            </intent-filter>
112            <intent-filter>
112-->[androidx.profileinstaller:profileinstaller:1.3.0] AndroidManifest.xml:49:13-51:29
113                <action android:name="androidx.profileinstaller.action.BENCHMARK_OPERATION" />
113-->[androidx.profileinstaller:profileinstaller:1.3.0] AndroidManifest.xml:50:17-95
113-->[androidx.profileinstaller:profileinstaller:1.3.0] AndroidManifest.xml:50:25-92
114            </intent-filter>
115        </receiver>
116    </application>
117
118</manifest>